<?xml version="1.0" encoding="UTF-8"?>
<Site BuildName="(empty)"
	BuildStamp="20241008-1512-Experimental"
	Name="(empty)"
	Generator="ctest-3.21.2"
	CompilerName=""
	CompilerVersion=""
	OSName="Windows"
	Hostname="DESKTOP-HLS7LC5"
	OSRelease=" Personal"
	OSVersion=" (Build 19045)"
	OSPlatform="AMD64"
	Is64Bits="1"
	VendorString="GenuineIntel"
	VendorID="Intel Corporation"
	FamilyID="6"
	ModelID="14"
	ProcessorCacheSize="-1"
	NumberOfLogicalCPU="4"
	NumberOfPhysicalCPU="2"
	TotalVirtualMemory="10080"
	TotalPhysicalMemory="3980"
	LogicalProcessorsPerPhysical="2"
	ProcessorClockFrequency="1608"
	>
	<Testing>
		<StartDateTime>Oct 08 18:43 RTZ 2 (ceia)</StartDateTime>
		<StartTestTime>1728402181</StartTestTime>
		<TestList/>
		<EndDateTime>Oct 08 18:43 RTZ 2 (ceia)</EndDateTime>
		<EndTestTime>1728402181</EndTestTime>
		<ElapsedMinutes>0</ElapsedMinutes>
	</Testing>
</Site>
